[0m17:04:26.207994 [debug] [MainThread]: Sending event: {'category': 'dbt', 'action': 'invocation', 'label': 'start', 'context': [<snowplow_tracker.self_describing_json.SelfDescribingJson object at 0x1059c3a00>, <snowplow_tracker.self_describing_json.SelfDescribingJson object at 0x107e25ca0>, <snowplow_tracker.self_describing_json.SelfDescribingJson object at 0x107e021c0>]}


============================== 17:04:26.211068 | 02e341dd-25c0-478f-9f0f-08139b479038 ==============================
[0m17:04:26.211068 [info ] [MainThread]: Running with dbt=1.7.2
[0m17:04:26.211440 [debug] [MainThread]: running dbt with arguments {'printer_width': '80', 'indirect_selection': 'eager', 'log_cache_events': 'False', 'write_json': 'True', 'partial_parse': 'True', 'cache_selected_only': 'False', 'warn_error': 'None', 'version_check': 'True', 'debug': 'False', 'log_path': 'logs', 'fail_fast': 'False', 'profiles_dir': '/Users/adrianpietrzykowski/.dbt', 'use_colors': 'True', 'use_experimental_parser': 'False', 'no_print': 'None', 'quiet': 'False', 'log_format': 'default', 'invocation_command': 'dbt init sumup_dbt', 'warn_error_options': 'WarnErrorOptions(include=[], exclude=[])', 'introspect': 'True', 'target_path': 'None', 'static_parser': 'True', 'send_anonymous_usage_stats': 'True'}
[0m17:04:26.212238 [debug] [MainThread]: Starter project path: /Users/adrianpietrzykowski/.pyenv/versions/3.9.8/lib/python3.9/site-packages/dbt/include/starter_project
[0m17:04:26.216761 [info ] [MainThread]: 
Your new dbt project "sumup_dbt" was created!

For more information on how to configure the profiles.yml file,
please consult the dbt documentation here:

  https://docs.getdbt.com/docs/configure-your-profile

One more thing:

Need help? Don't hesitate to reach out to us via GitHub issues or on Slack:

  https://community.getdbt.com/

Happy modeling!

[0m17:04:26.217025 [info ] [MainThread]: Setting up your profile.
[0m17:07:07.981510 [info ] [MainThread]: Profile sumup_dbt written to /Users/adrianpietrzykowski/.dbt/profiles.yml using target's profile_template.yml and your supplied values. Run 'dbt debug' to validate the connection.
[0m17:07:08.002654 [debug] [MainThread]: Resource report: {"command_name": "init", "command_success": true, "command_wall_clock_time": 161.86186, "process_user_time": 2.361025, "process_kernel_time": 1.933374, "process_mem_max_rss": "179453952", "process_in_blocks": "0", "process_out_blocks": "0"}
[0m17:07:08.003550 [debug] [MainThread]: Command `dbt init` succeeded at 17:07:08.003396 after 161.86 seconds
[0m17:07:08.004783 [debug] [MainThread]: Sending event: {'category': 'dbt', 'action': 'invocation', 'label': 'end', 'context': [<snowplow_tracker.self_describing_json.SelfDescribingJson object at 0x1059c3a00>, <snowplow_tracker.self_describing_json.SelfDescribingJson object at 0x107df62b0>, <snowplow_tracker.self_describing_json.SelfDescribingJson object at 0x107e25ca0>]}
[0m17:07:08.006993 [debug] [MainThread]: Flushing usage events
